02.10.32  ============================================================
02.10.32  Project Hermes - Windows Companion (system tray)
02.10.32  Mode: Toggle   Hotkey VK: 163 (default 163 = Right Ctrl)
02.10.32  Right-click the tray icon to switch mode or exit.
02.10.32  ============================================================
02.10.32  Connected to Android transport server at 127.0.0.1:9999
02.10.35  Target window: Windows PowerShell
02.10.35  Listening started.
02.10.43  Listening stopped; awaiting transcript.
02.10.43  Transcript: 
02.10.50  Target window: ? Fix text printing issue on Windows 11
02.10.50  Listening started.
02.10.56  Listening stopped; awaiting transcript.
02.10.56  Transcript: 
02.11.08  Target window: Untitled - Notepad
02.11.08  Listening started.
02.11.16  Listening stopped; awaiting transcript.
02.11.16  Transcript: 
02.11.46  Shutting down Hermes companion.
02.11.49  ============================================================
02.11.49  Project Hermes - Windows Companion (system tray)
02.11.50  Mode: Toggle   Hotkey VK: 163 (default 163 = Right Ctrl)
02.11.50  Right-click the tray icon to switch mode or exit.
02.11.50  ============================================================
02.11.50  Connected to Android transport server at 127.0.0.1:9999
02.11.55  Target window: ? Fix text printing issue on Windows 11
02.11.55  Listening started.
02.12.04  Listening stopped; awaiting transcript.
02.12.04  Transcript: 
02.12.06  Target window: ? Fix text printing issue on Windows 11
02.12.06  Listening started.
02.12.11  Listening stopped; awaiting transcript.
02.12.11  Transcript: 
02.14.08  Transcript: 
07.58.15  ============================================================
07.58.15  Project Hermes - Windows Companion (system tray)
07.58.15  Mode: Toggle   Hotkey VK: 163 (default 163 = Right Ctrl)
07.58.15  Right-click the tray icon to switch mode or exit.
07.58.15  ============================================================
07.58.15  Connected to Android transport server at 127.0.0.1:9999
